  Przycisk.cpp
C:\Users\Jakub\source\repos\Gra w zycie\Gra w zycie\Przycisk.cpp(38,36): warning C4244: "argument": konwersja z "int" do "T", możliwa utrata danych
          with
          [
              T=float
          ]
C:\Users\Jakub\source\repos\Gra w zycie\Gra w zycie\Przycisk.cpp(38,33): warning C4244: "argument": konwersja z "int" do "T", możliwa utrata danych
          with
          [
              T=float
          ]
C:\Users\Jakub\source\repos\Gra w zycie\Gra w zycie\Przycisk.cpp(39,40): warning C4244: "argument": konwersja z "int" do "T", możliwa utrata danych
          with
          [
              T=float
          ]
C:\Users\Jakub\source\repos\Gra w zycie\Gra w zycie\Przycisk.cpp(39,29): warning C4244: "argument": konwersja z "int" do "T", możliwa utrata danych
          with
          [
              T=float
          ]
C:\Users\Jakub\source\repos\Gra w zycie\Gra w zycie\Przycisk.cpp(55,8): warning C4244: "inicjowanie": konwersja z "const T" do "int", możliwa utrata danych
          with
          [
              T=float
          ]
C:\Users\Jakub\source\repos\Gra w zycie\Gra w zycie\Przycisk.cpp(56,8): warning C4244: "inicjowanie": konwersja z "const T" do "int", możliwa utrata danych
          with
          [
              T=float
          ]
C:\Users\Jakub\source\repos\Gra w zycie\Gra w zycie\Przycisk.cpp(57,17): warning C4244: "inicjowanie": konwersja z "T" do "int", możliwa utrata danych
          with
          [
              T=float
          ]
C:\Users\Jakub\source\repos\Gra w zycie\Gra w zycie\Przycisk.cpp(58,16): warning C4244: "inicjowanie": konwersja z "T" do "int", możliwa utrata danych
          with
          [
              T=float
          ]
C:\Users\Jakub\source\repos\Gra w zycie\Gra w zycie\Przycisk.cpp(59,20): warning C4244: "inicjowanie": konwersja z "const T" do "int", możliwa utrata danych
          with
          [
              T=float
          ]
C:\Users\Jakub\source\repos\Gra w zycie\Gra w zycie\Przycisk.cpp(60,19): warning C4244: "inicjowanie": konwersja z "T" do "int", możliwa utrata danych
          with
          [
              T=float
          ]
C:\Users\Jakub\source\repos\Gra w zycie\Gra w zycie\Przycisk.cpp(231,41): warning C4244: "argument": konwersja z "int" do "T", możliwa utrata danych
          with
          [
              T=float
          ]
C:\Users\Jakub\source\repos\Gra w zycie\Gra w zycie\Przycisk.cpp(231,30): warning C4244: "argument": konwersja z "int" do "T", możliwa utrata danych
          with
          [
              T=float
          ]
  Trwa generowanie kodu
  2 of 541 functions ( 0.4%) were compiled, the rest were copied from previous compilation.
    0 functions were new in current compilation
    6 functions had inline decision re-evaluated but remain unchanged
  Zakończono generowanie kodu
  Gra w zycie.vcxproj -> C:\Users\Jakub\source\repos\Gra w zycie\x64\Release\Gra w zycie.exe
